Fri Dec 29 2017 01:43:04 GMT-0500 (EST): GET /
Fri Dec 29 2017 01:43:16 GMT-0500 (EST): GET /about
Fri Dec 29 2017 01:51:12 GMT-0500 (EST): GET /about
Fri Dec 29 2017 01:51:53 GMT-0500 (EST): GET /about
Fri Dec 29 2017 01:51:54 GMT-0500 (EST): GET /
Fri Dec 29 2017 01:53:06 GMT-0500 (EST): GET /help.html
Fri Dec 29 2017 01:53:07 GMT-0500 (EST): GET /help.html
Fri Dec 29 2017 01:53:10 GMT-0500 (EST): GET /help.html
Fri Dec 29 2017 01:53:13 GMT-0500 (EST): GET /home
Fri Dec 29 2017 01:53:14 GMT-0500 (EST): GET /
Mon Jan 01 2018 02:47:17 GMT-0500 (EST): GET /
Mon Jan 01 2018 02:47:17 GMT-0500 (EST): GET /favicon.ico
Mon Jan 08 2018 19:51:09 GMT-0500 (EST): GET /
Mon Jan 08 2018 19:51:09 GMT-0500 (EST): GET /favicon.ico
Mon Jan 08 2018 19:51:11 GMT-0500 (EST): GET /project
Mon Jan 08 2018 19:52:23 GMT-0500 (EST): GET /project
Mon Jan 08 2018 19:52:25 GMT-0500 (EST): GET /project
Mon Jan 08 2018 19:52:26 GMT-0500 (EST): GET /project
Mon Jan 08 2018 19:52:26 GMT-0500 (EST): GET /project
Mon Jan 08 2018 19:52:27 GMT-0500 (EST): GET /about
Mon Jan 08 2018 19:52:28 GMT-0500 (EST): GET /
Mon Jan 08 2018 19:52:29 GMT-0500 (EST): GET /about
Mon Jan 08 2018 19:52:30 GMT-0500 (EST): GET /
Mon Jan 08 2018 19:52:31 GMT-0500 (EST): GET /project
Mon Jan 08 2018 19:52:35 GMT-0500 (EST): GET /
Mon Jan 08 2018 19:52:36 GMT-0500 (EST): GET /about
Mon Jan 08 2018 19:52:36 GMT-0500 (EST): GET /project
